[debug] [2021-06-09T04:33:27.013Z] ----------------------------------------------------------------------
[debug] [2021-06-09T04:33:27.016Z] Command:       C:\Program Files\nodejs\node.exe C:\Users\Anurag\AppData\Roaming\npm\node_modules\firebase-tools\lib\bin\firebase.js init
[debug] [2021-06-09T04:33:27.016Z] CLI Version:   9.12.1
[debug] [2021-06-09T04:33:27.016Z] Platform:      win32
[debug] [2021-06-09T04:33:27.016Z] Node Version:  v16.0.0
[debug] [2021-06-09T04:33:27.018Z] Time:          Wed Jun 09 2021 10:03:27 GMT+0530 (India Standard Time)
[debug] [2021-06-09T04:33:27.018Z] ----------------------------------------------------------------------
[debug] 
[debug] [2021-06-09T04:33:27.026Z] > command requires scopes: ["email","openid","https://www.googleapis.com/auth/cloudplatformprojects.readonly","https://www.googleapis.com/auth/firebase","https://www.googleapis.com/auth/cloud-platform"]
[debug] [2021-06-09T04:33:27.027Z] > authorizing via signed-in user (anurag10202@gmail.com)
[info] 
     ######## #### ########  ######## ########     ###     ######  ########
     ##        ##  ##     ## ##       ##     ##  ##   ##  ##       ##
     ######    ##  ########  ######   ########  #########  ######  ######
     ##        ##  ##    ##  ##       ##     ## ##     ##       ## ##
     ##       #### ##     ## ######## ########  ##     ##  ######  ########

You're about to initialize a Firebase project in this directory:

  D:\web\AMAZONclone\amazon-clone

Before we get started, keep in mind:

  * You are initializing in an existing Firebase project directory

[info] 
=== Project Setup
[info] 
[info] First, let's associate this project directory with a Firebase project.
[info] You can create multiple project aliases by running firebase use --add, 
[info] but for now we'll just set up a default project.
[info] 
[info] i  .firebaserc already has a default project, using clone-bf453. 
[debug] [2021-06-09T04:34:13.730Z] >>> [apiv2][query] GET https://firebase.googleapis.com/v1beta1/projects/clone-bf453 [none]
[debug] [2021-06-09T04:34:14.249Z] <<< [apiv2][status] GET https://firebase.googleapis.com/v1beta1/projects/clone-bf453 200
[debug] [2021-06-09T04:34:14.250Z] <<< [apiv2][body] GET https://firebase.googleapis.com/v1beta1/projects/clone-bf453 {"projectId":"clone-bf453","projectNumber":"377691530469","displayName":"amazon-clone","name":"projects/clone-bf453","resources":{"hostingSite":"clone-bf453"},"state":"ACTIVE"}
[info] 
=== Hosting Setup
[info] 
[info] Your public directory is the folder (relative to your project directory) that
[info] will contain Hosting assets to be uploaded with firebase deploy. If you
[info] have a build process for your assets, use your build's output directory.
[info] 
[debug] [2021-06-09T04:34:20.459Z] >>> [apiv2][query] GET https://www.gstatic.com/firebasejs/releases.json [none]
[debug] [2021-06-09T04:34:20.661Z] <<< [apiv2][status] GET https://www.gstatic.com/firebasejs/releases.json 200
[debug] [2021-06-09T04:34:20.662Z] <<< [apiv2][body] GET https://www.gstatic.com/firebasejs/releases.json {"current":{"version":"8.6.5","browserURL":"https://www.gstatic.com/firebasejs/8.6.5/firebase.js","packageURL":"https://www.gstatic.com/firebasejs/8.6.5/firebase.tgz"},"live":{"version":"8.6","browserURL":"https://www.gstatic.com/firebasejs/live/8.6/firebase.js","packageURL":"https://www.gstatic.com/firebasejs/live/8.6/firebase.tgz"},"components":{"analytics":"https://www.gstatic.com/firebasejs/8.6.5/firebase-analytics.js","app":"https://www.gstatic.com/firebasejs/8.6.5/firebase-app.js","app-check":"https://www.gstatic.com/firebasejs/8.6.5/firebase-app-check.js","auth":"https://www.gstatic.com/firebasejs/8.6.5/firebase-auth.js","database":"https://www.gstatic.com/firebasejs/8.6.5/firebase-database.js","firestore":"https://www.gstatic.com/firebasejs/8.6.5/firebase-firestore.js","functions":"https://www.gstatic.com/firebasejs/8.6.5/firebase-functions.js","installations":"https://www.gstatic.com/firebasejs/8.6.5/firebase-installations.js","messaging":"https://www.gstatic.com/firebasejs/8.6.5/firebase-messaging.js","storage":"https://www.gstatic.com/firebasejs/8.6.5/firebase-storage.js","performance":"https://www.gstatic.com/firebasejs/8.6.5/firebase-performance.js","remote-config":"https://www.gstatic.com/firebasejs/8.6.5/firebase-remote-config.js","firestore.memory":"https://www.gstatic.com/firebasejs/8.6.5/firebase-firestore.memory.js"}}
[info] +  Wrote y/index.html 
[info] 
[info] i  Detected a .git folder at D:\web\AMAZONclone\amazon-clone 
[info] i  Authorizing with GitHub to upload your service account to a GitHub repository's secrets store. 
[info] 
[info] Visit this URL on this device to log in:
[info] https://github.com/login/oauth/authorize?client_id=89cf50f02ac6aaed3484&state=903135786&redirect_uri=http%3A%2F%2Flocalhost%3A9005&scope=read%3Auser%20repo%20public_repo
[info] 
[info] Waiting for authentication...
[debug] [2021-06-09T04:34:36.556Z] >>> HTTP REQUEST POST https://github.com/login/oauth/access_token  
 {"client_id":"89cf50f02ac6aaed3484","client_secret":"3330d14abc895d9a74d5f17cd7a00711fa2c5bf0","code":"8ca0d279549800a6ac16","redirect_uri":"http://localhost:9005","state":"903135786"}
[debug] [2021-06-09T04:34:36.958Z] <<< HTTP RESPONSE 200 {"server":"GitHub.com","date":"Wed, 09 Jun 2021 04:34:37 GMT","content-type":"application/json; charset=utf-8","transfer-encoding":"chunked","vary":"X-PJAX, Accept-Encoding, Accept, X-Requested-With","permissions-policy":"interest-cohort=()","etag":"W/\"2b6210bfb4ca21a3524c032ecb0a531e\"","cache-control":"max-age=0, private, must-revalidate","strict-transport-security":"max-age=31536000; includeSubdomains; preload","x-frame-options":"deny","x-content-type-options":"nosniff","x-xss-protection":"0","referrer-policy":"origin-when-cross-origin, strict-origin-when-cross-origin","expect-ct":"max-age=2592000, report-uri=\"https://api.github.com/_private/browser/errors\"","content-security-policy":"default-src 'none'; base-uri 'self'; block-all-mixed-content; connect-src 'self' uploads.github.com www.githubstatus.com collector.githubapp.com api.github.com github-cloud.s3.amazonaws.com github-production-repository-file-5c1aeb.s3.amazonaws.com github-production-upload-manifest-file-7fdce7.s3.amazonaws.com github-production-user-asset-6210df.s3.amazonaws.com html-translator.herokuapp.com cdn.optimizely.com logx.optimizely.com/v1/events wss://alive.github.com; font-src github.githubassets.com; form-action 'self' github.com gist.github.com; frame-ancestors 'none'; frame-src render.githubusercontent.com; img-src 'self' data: github.githubassets.com identicons.github.com collector.githubapp.com github-cloud.s3.amazonaws.com secured-user-images.githubusercontent.com/ *.githubusercontent.com; manifest-src 'self'; media-src 'none'; script-src github.githubassets.com; style-src 'unsafe-inline' github.githubassets.com; worker-src github.com/socket-worker-3f088aa2.js gist.github.com/socket-worker-3f088aa2.js","x-github-request-id":"C425:388F:20CEA1:244EDB:60C044DD"}
[debug] [2021-06-09T04:34:37.015Z] >>> [apiv2][query] GET https://api.github.com/user [none]
[debug] [2021-06-09T04:34:37.508Z] <<< [apiv2][status] GET https://api.github.com/user 200
[debug] [2021-06-09T04:34:37.508Z] <<< [apiv2][body] GET https://api.github.com/user {"login":"anuragc10","id":63997049,"node_id":"MDQ6VXNlcjYzOTk3MDQ5","avatar_url":"https://avatars.githubusercontent.com/u/63997049?v=4","gravatar_id":"","url":"https://api.github.com/users/anuragc10","html_url":"https://github.com/anuragc10","followers_url":"https://api.github.com/users/anuragc10/followers","following_url":"https://api.github.com/users/anuragc10/following{/other_user}","gists_url":"https://api.github.com/users/anuragc10/gists{/gist_id}","starred_url":"https://api.github.com/users/anuragc10/starred{/owner}{/repo}","subscriptions_url":"https://api.github.com/users/anuragc10/subscriptions","organizations_url":"https://api.github.com/users/anuragc10/orgs","repos_url":"https://api.github.com/users/anuragc10/repos","events_url":"https://api.github.com/users/anuragc10/events{/privacy}","received_events_url":"https://api.github.com/users/anuragc10/received_events","type":"User","site_admin":false,"name":"Anurag Singh","company":null,"blog":"","location":null,"email":null,"hireable":null,"bio":null,"twitter_username":"Anurag90104667","public_repos":30,"public_gists":0,"followers":0,"following":0,"created_at":"2020-04-20T06:10:43Z","updated_at":"2021-06-09T04:34:36Z","private_gists":0,"total_private_repos":1,"owned_private_repos":1,"disk_usage":5143,"collaborators":1,"two_factor_authentication":false,"plan":{"name":"pro","space":976562499,"collaborators":0,"private_repos":9999}}
[info] 
[info] +  Success! Logged into GitHub as anuragc10 
[info] 
[debug] [2021-06-09T04:34:49.711Z] >>> [apiv2][query] GET https://api.github.com/repos//actions/secrets/public-key type=owner
[debug] [2021-06-09T04:34:50.043Z] <<< [apiv2][status] GET https://api.github.com/repos//actions/secrets/public-key 404
[debug] [2021-06-09T04:34:50.043Z] <<< [apiv2][body] GET https://api.github.com/repos//actions/secrets/public-key {"message":"Not Found","documentation_url":"https://docs.github.com/rest"}
